<?xml version="1.0" encoding="UTF-8"?>
<testng-results skipped="0" failed="0" total="1" passed="1">
  <reporter-output>
  </reporter-output>
  <suite name="Suite" duration-ms="125" started-at="2018-07-05T03:00:28Z" finished-at="2018-07-05T03:00:29Z">
    <groups>
    </groups>
    <test name="Test" duration-ms="125" started-at="2018-07-05T03:00:28Z" finished-at="2018-07-05T03:00:29Z">
      <class name="executeTestMultipleEnv.EnvironmentTest">
        <test-method status="PASS" signature="beforeTest(java.lang.String)[pri:0, instance:executeTestMultipleEnv.EnvironmentTest@8a9f61]" name="beforeTest" is-config="true" duration-ms="88" started-at="2018-07-04T20:00:28Z" finished-at="2018-07-04T20:00:28Z">
          <params>
            <param index="0">
              <value>
                <![CDATA[qa]]>
              </value>
            </param>
          </params>
          <reporter-output>
          </reporter-output>
        </test-method> <!-- beforeTest -->
        <test-method status="PASS" signature="functionalTest()[pri:0, instance:executeTestMultipleEnv.EnvironmentTest@8a9f61]" name="functionalTest" duration-ms="22" started-at="2018-07-04T20:00:28Z" finished-at="2018-07-04T20:00:29Z">
          <reporter-output>
          </reporter-output>
        </test-method> <!-- functionalTest -->
      </class> <!-- executeTestMultipleEnv.EnvironmentTest -->
    </test> <!-- Test -->
  </suite> <!-- Suite -->
</testng-results>
